<?xml version="1.0" encoding="utf-8" standalone="no"?>
<test-results xmlns:xsi="http://www.w3.org/2001/XMLSchema-instance" xsi:noNamespaceSchemaLocation="nunit_schema_2.5.xsd" name="Pester" total="118" errors="0" failures="1" not-run="0" inconclusive="0" ignored="0" skipped="0" invalid="0" date="2025-11-14" time="17:51:44">
  <environment user="csantos" machine-name="NOTEPROCLEG01" cwd="C:\Users\csantos\chainsaw\tests" user-domain="CMSBONET" platform="Microsoft Windows 11 Pro|C:\WINDOWS|\Device\Harddisk0\Partition4" nunit-version="2.5.8.0" os-version="10.0.26100" clr-version="4.0.30319.42000" />
  <culture-info current-culture="pt-BR" current-uiculture="pt-BR" />
  <test-suite type="Powershell" name="Pester" executed="True" result="Failure" success="False" time="9.9767" asserts="0">
    <results>
      <test-suite type="TestFixture" name="CHAINSAW - Testes do MÃ³dulo VBA monolithicMod.bas" executed="True" result="Failure" success="False" time="9.9767" asserts="0" description="CHAINSAW - Testes do MÃ³dulo VBA monolithicMod.bas">
        <results>
          <test-case description="Arquivo monolithicMod.bas existe" name="CHAINSAW - Testes do MÃ³dulo VBA monolithicMod.bas.Arquivo monolithicMod.bas existe" time="1.0288" asserts="0" success="True" result="Success" executed="True" />
          <test-case description="Arquivo nÃ£o estÃ¡ vazio" name="CHAINSAW - Testes do MÃ³dulo VBA monolithicMod.bas.Arquivo nÃ£o estÃ¡ vazio" time="0.1087" asserts="0" success="True" result="Success" executed="True" />
          <test-case description="Tamanho do arquivo Ã© razoÃ¡vel (&lt; 5MB)" name="CHAINSAW - Testes do MÃ³dulo VBA monolithicMod.bas.Tamanho do arquivo Ã© razoÃ¡vel (&lt; 5MB)" time="0.0276" asserts="0" success="True" result="Success" executed="True" />
          <test-case description="ContÃ©m cabeÃ§alho CHAINSAW" name="CHAINSAW - Testes do MÃ³dulo VBA monolithicMod.bas.ContÃ©m cabeÃ§alho CHAINSAW" time="0.025" asserts="0" success="True" result="Success" executed="True" />
          <test-case description="ContÃ©m informaÃ§Ãµes de versÃ£o" name="CHAINSAW - Testes do MÃ³dulo VBA monolithicMod.bas.ContÃ©m informaÃ§Ãµes de versÃ£o" time="0.0191" asserts="0" success="True" result="Success" executed="True" />
          <test-case description="ContÃ©m licenÃ§a GNU GPLv3" name="CHAINSAW - Testes do MÃ³dulo VBA monolithicMod.bas.ContÃ©m licenÃ§a GNU GPLv3" time="0.0169" asserts="0" success="True" result="Success" executed="True" />
          <test-case description="ContÃ©m informaÃ§Ã£o de autor" name="CHAINSAW - Testes do MÃ³dulo VBA monolithicMod.bas.ContÃ©m informaÃ§Ã£o de autor" time="0.021" asserts="0" success="True" result="Success" executed="True" />
          <test-case description="ContÃ©m declaraÃ§Ã£o Option Explicit" name="CHAINSAW - Testes do MÃ³dulo VBA monolithicMod.bas.ContÃ©m declaraÃ§Ã£o Option Explicit" time="0.0242" asserts="0" success="True" result="Success" executed="True" />
          <test-case description="NÃºmero total de linhas corresponde ao esperado (&gt; 7000)" name="CHAINSAW - Testes do MÃ³dulo VBA monolithicMod.bas.NÃºmero total de linhas corresponde ao esperado (&gt; 7000)" time="0.022" asserts="0" success="True" result="Success" executed="True" />
          <test-case description="ContÃ©m quantidade razoÃ¡vel de procedimentos (100-150)" name="CHAINSAW - Testes do MÃ³dulo VBA monolithicMod.bas.ContÃ©m quantidade razoÃ¡vel de procedimentos (100-150)" time="0.1045" asserts="0" success="True" result="Success" executed="True" />
          <test-case description="Possui procedimento principal PadronizarDocumentoMain" name="CHAINSAW - Testes do MÃ³dulo VBA monolithicMod.bas.Possui procedimento principal PadronizarDocumentoMain" time="0.019" asserts="0" success="True" result="Success" executed="True" />
          <test-case description="Procedimentos pÃºblicos sÃ£o minoria (&lt; 20% do total)" name="CHAINSAW - Testes do MÃ³dulo VBA monolithicMod.bas.Procedimentos pÃºblicos sÃ£o minoria (&lt; 20% do total)" time="0.0262" asserts="0" success="True" result="Success" executed="True" />
          <test-case description="Possui funÃ§Ãµes de validaÃ§Ã£o (ValidateDocument)" name="CHAINSAW - Testes do MÃ³dulo VBA monolithicMod.bas.Possui funÃ§Ãµes de validaÃ§Ã£o (ValidateDocument)" time="0.022" asserts="0" success="True" result="Success" executed="True" />
          <test-case description="Possui funÃ§Ãµes de identificaÃ§Ã£o de elementos estruturais" name="CHAINSAW - Testes do MÃ³dulo VBA monolithicMod.bas.Possui funÃ§Ãµes de identificaÃ§Ã£o de elementos estruturais" time="0.021" asserts="0" success="True" result="Success" executed="True" />
          <test-case description="Possui sistema de tratamento de erros (ShowUserFriendlyError)" name="CHAINSAW - Testes do MÃ³dulo VBA monolithicMod.bas.Possui sistema de tratamento de erros (ShowUserFriendlyError)" time="0.0217" asserts="0" success="True" result="Success" executed="True" />
          <test-case description="Possui sistema de recuperaÃ§Ã£o de emergÃªncia (EmergencyRecovery)" name="CHAINSAW - Testes do MÃ³dulo VBA monolithicMod.bas.Possui sistema de recuperaÃ§Ã£o de emergÃªncia (EmergencyRecovery)" time="0.0241" asserts="0" success="True" result="Success" executed="True" />
          <test-case description="Possui funÃ§Ãµes de normalizaÃ§Ã£o de texto" name="CHAINSAW - Testes do MÃ³dulo VBA monolithicMod.bas.Possui funÃ§Ãµes de normalizaÃ§Ã£o de texto" time="0.0214" asserts="0" success="True" result="Success" executed="True" />
          <test-case description="Todas as funÃ§Ãµes tÃªm End Function" name="CHAINSAW - Testes do MÃ³dulo VBA monolithicMod.bas.Todas as funÃ§Ãµes tÃªm End Function" time="0.0696" asserts="0" success="True" result="Success" executed="True" />
          <test-case description="Todas as subs tÃªm End Sub" name="CHAINSAW - Testes do MÃ³dulo VBA monolithicMod.bas.Todas as subs tÃªm End Sub" time="0.0318" asserts="0" success="True" result="Success" executed="True" />
          <test-case description="Define constantes do Word (wdNoProtection, wdTypeDocument, etc)" name="CHAINSAW - Testes do MÃ³dulo VBA monolithicMod.bas.Define constantes do Word (wdNoProtection, wdTypeDocument, etc)" time="0.0537" asserts="0" success="True" result="Success" executed="True" />
          <test-case description="Define constantes de formataÃ§Ã£o (STANDARD_FONT, STANDARD_FONT_SIZE)" name="CHAINSAW - Testes do MÃ³dulo VBA monolithicMod.bas.Define constantes de formataÃ§Ã£o (STANDARD_FONT, STANDARD_FONT_SIZE)" time="0.0297" asserts="0" success="True" result="Success" executed="True" />
          <test-case description="Define margens do documento (TOP_MARGIN_CM, BOTTOM_MARGIN_CM, etc)" name="CHAINSAW - Testes do MÃ³dulo VBA monolithicMod.bas.Define margens do documento (TOP_MARGIN_CM, BOTTOM_MARGIN_CM, etc)" time="0.0223" asserts="0" success="True" result="Success" executed="True" />
          <test-case description="Define configuraÃ§Ãµes de imagem do cabeÃ§alho" name="CHAINSAW - Testes do MÃ³dulo VBA monolithicMod.bas.Define configuraÃ§Ãµes de imagem do cabeÃ§alho" time="0.0227" asserts="0" success="True" result="Success" executed="True" />
          <test-case description="Define constantes de sistema (MIN_SUPPORTED_VERSION, MAX_RETRY_ATTEMPTS)" name="CHAINSAW - Testes do MÃ³dulo VBA monolithicMod.bas.Define constantes de sistema (MIN_SUPPORTED_VERSION, MAX_RETRY_ATTEMPTS)" time="0.0231" asserts="0" success="True" result="Success" executed="True" />
          <test-case description="Define constantes de backup e logs (CHAINSAW_ROOT_FOLDER, CHAINSAW_LOGS_FOLDER)" name="CHAINSAW - Testes do MÃ³dulo VBA monolithicMod.bas.Define constantes de backup e logs (CHAINSAW_ROOT_FOLDER, CHAINSAW_LOGS_FOLDER)" time="0.0823" asserts="0" success="False" result="Failure" executed="True">
            <failure>
              <message>Expected: {True}
But was:  {False}</message>
              <stack-trace>at line: 151 in C:\Users\csantos\chainsaw\tests\VBA.Tests.ps1
151:             ($vbaContent -match 'CHAINSAW_LOGS_FOLDER') | Should Be $true
</stack-trace>
            </failure>
          </test-case>
          <test-case description="Define nÃ­veis de log (LOG_LEVEL_INFO, LOG_LEVEL_WARNING, LOG_LEVEL_ERROR)" name="CHAINSAW - Testes do MÃ³dulo VBA monolithicMod.bas.Define nÃ­veis de log (LOG_LEVEL_INFO, LOG_LEVEL_WARNING, LOG_LEVEL_ERROR)" time="0.1781" asserts="0" success="True" result="Success" executed="True" />
          <test-case description="Fonte padrÃ£o Ã© Arial" name="CHAINSAW - Testes do MÃ³dulo VBA monolithicMod.bas.Fonte padrÃ£o Ã© Arial" time="0.0204" asserts="0" success="True" result="Success" executed="True" />
          <test-case description="Tamanho de fonte padrÃ£o Ã© 12" name="CHAINSAW - Testes do MÃ³dulo VBA monolithicMod.bas.Tamanho de fonte padrÃ£o Ã© 12" time="0.0242" asserts="0" success="True" result="Success" executed="True" />
          <test-case description="Possui funÃ§Ã£o BuildParagraphCache" name="CHAINSAW - Testes do MÃ³dulo VBA monolithicMod.bas.Possui funÃ§Ã£o BuildParagraphCache" time="0.0638" asserts="0" success="True" result="Success" executed="True" />
          <test-case description="Possui funÃ§Ã£o ClearParagraphCache" name="CHAINSAW - Testes do MÃ³dulo VBA monolithicMod.bas.Possui funÃ§Ã£o ClearParagraphCache" time="0.0236" asserts="0" success="True" result="Success" executed="True" />
          <test-case description="Possui sistema de identificaÃ§Ã£o de estrutura do documento" name="CHAINSAW - Testes do MÃ³dulo VBA monolithicMod.bas.Possui sistema de identificaÃ§Ã£o de estrutura do documento" time="0.0282" asserts="0" success="True" result="Success" executed="True" />
          <test-case description="Possui funÃ§Ã£o para identificar TÃ­tulo (IsTituloElement)" name="CHAINSAW - Testes do MÃ³dulo VBA monolithicMod.bas.Possui funÃ§Ã£o para identificar TÃ­tulo (IsTituloElement)" time="0.0523" asserts="0" success="True" result="Success" executed="True" />
          <test-case description="Possui funÃ§Ã£o para identificar Ementa (IsEmentaElement)" name="CHAINSAW - Testes do MÃ³dulo VBA monolithicMod.bas.Possui funÃ§Ã£o para identificar Ementa (IsEmentaElement)" time="0.0334" asserts="0" success="True" result="Success" executed="True" />
          <test-case description="Possui funÃ§Ã£o para identificar Justificativa (IsJustificativaTitleElement)" name="CHAINSAW - Testes do MÃ³dulo VBA monolithicMod.bas.Possui funÃ§Ã£o para identificar Justificativa (IsJustificativaTitleElement)" time="0.0635" asserts="0" success="True" result="Success" executed="True" />
          <test-case description="Possui funÃ§Ã£o para identificar Data (IsDataElement)" name="CHAINSAW - Testes do MÃ³dulo VBA monolithicMod.bas.Possui funÃ§Ã£o para identificar Data (IsDataElement)" time="0.0793" asserts="0" success="True" result="Success" executed="True" />
          <test-case description="Possui funÃ§Ã£o para identificar Assinatura (IsAssinaturaStart)" name="CHAINSAW - Testes do MÃ³dulo VBA monolithicMod.bas.Possui funÃ§Ã£o para identificar Assinatura (IsAssinaturaStart)" time="0.0309" asserts="0" success="True" result="Success" executed="True" />
          <test-case description="Possui funÃ§Ã£o para identificar TÃ­tulo de Anexo (IsTituloAnexoElement)" name="CHAINSAW - Testes do MÃ³dulo VBA monolithicMod.bas.Possui funÃ§Ã£o para identificar TÃ­tulo de Anexo (IsTituloAnexoElement)" time="0.0225" asserts="0" success="True" result="Success" executed="True" />
          <test-case description="Possui GetProposituraRange para retornar range da propositura completa" name="CHAINSAW - Testes do MÃ³dulo VBA monolithicMod.bas.Possui GetProposituraRange para retornar range da propositura completa" time="0.0232" asserts="0" success="True" result="Success" executed="True" />
          <test-case description="Possui GetElementInfo para relatÃ³rio de elementos" name="CHAINSAW - Testes do MÃ³dulo VBA monolithicMod.bas.Possui GetElementInfo para relatÃ³rio de elementos" time="0.0222" asserts="0" success="True" result="Success" executed="True" />
          <test-case description="Possui tratamento On Error em procedimentos crÃ­ticos" name="CHAINSAW - Testes do MÃ³dulo VBA monolithicMod.bas.Possui tratamento On Error em procedimentos crÃ­ticos" time="0.0412" asserts="0" success="True" result="Success" executed="True" />
          <test-case description="Possui labels de tratamento de erro (ErrorHandler:)" name="CHAINSAW - Testes do MÃ³dulo VBA monolithicMod.bas.Possui labels de tratamento de erro (ErrorHandler:)" time="0.0211" asserts="0" success="True" result="Success" executed="True" />
          <test-case description="Possui funÃ§Ã£o SafeCleanup" name="CHAINSAW - Testes do MÃ³dulo VBA monolithicMod.bas.Possui funÃ§Ã£o SafeCleanup" time="0.0192" asserts="0" success="True" result="Success" executed="True" />
          <test-case description="Possui funÃ§Ã£o ReleaseObjects" name="CHAINSAW - Testes do MÃ³dulo VBA monolithicMod.bas.Possui funÃ§Ã£o ReleaseObjects" time="0.0171" asserts="0" success="True" result="Success" executed="True" />
          <test-case description="Possui verificaÃ§Ã£o de timeout (IsOperationTimeout)" name="CHAINSAW - Testes do MÃ³dulo VBA monolithicMod.bas.Possui verificaÃ§Ã£o de timeout (IsOperationTimeout)" time="0.0196" asserts="0" success="True" result="Success" executed="True" />
          <test-case description="Implementa sistema de retry (MAX_RETRY_ATTEMPTS)" name="CHAINSAW - Testes do MÃ³dulo VBA monolithicMod.bas.Implementa sistema de retry (MAX_RETRY_ATTEMPTS)" time="0.0186" asserts="0" success="True" result="Success" executed="True" />
          <test-case description="NÃ£o contÃ©m tabs (usa apenas espaÃ§os)" name="CHAINSAW - Testes do MÃ³dulo VBA monolithicMod.bas.NÃ£o contÃ©m tabs (usa apenas espaÃ§os)" time="0.0446" asserts="0" success="True" result="Success" executed="True" />
          <test-case description="ParÃªnteses balanceados em declaraÃ§Ãµes de funÃ§Ã£o" name="CHAINSAW - Testes do MÃ³dulo VBA monolithicMod.bas.ParÃªnteses balanceados em declaraÃ§Ãµes de funÃ§Ã£o" time="0.0276" asserts="0" success="True" result="Success" executed="True" />
          <test-case description="NÃ£o contÃ©m caracteres de controle invÃ¡lidos" name="CHAINSAW - Testes do MÃ³dulo VBA monolithicMod.bas.NÃ£o contÃ©m caracteres de controle invÃ¡lidos" time="0.0233" asserts="0" success="True" result="Success" executed="True" />
          <test-case description="Linhas nÃ£o excedem 1000 caracteres (padrÃ£o VBA)" name="CHAINSAW - Testes do MÃ³dulo VBA monolithicMod.bas.Linhas nÃ£o excedem 1000 caracteres (padrÃ£o VBA)" time="0.1512" asserts="0" success="True" result="Success" executed="True" />
          <test-case description="Usa aspas duplas para strings, nÃ£o aspas simples" name="CHAINSAW - Testes do MÃ³dulo VBA monolithicMod.bas.Usa aspas duplas para strings, nÃ£o aspas simples" time="0.0252" asserts="0" success="True" result="Success" executed="True" />
          <test-case description="ContÃ©m comentÃ¡rios de seÃ§Ã£o (linhas com ====)" name="CHAINSAW - Testes do MÃ³dulo VBA monolithicMod.bas.ContÃ©m comentÃ¡rios de seÃ§Ã£o (linhas com ====)" time="0.0507" asserts="0" success="True" result="Success" executed="True" />
          <test-case description="Possui CHANGELOG documentado" name="CHAINSAW - Testes do MÃ³dulo VBA monolithicMod.bas.Possui CHANGELOG documentado" time="0.0222" asserts="0" success="True" result="Success" executed="True" />
          <test-case description="Taxa de comentÃ¡rios adequada (&gt; 5% das linhas)" name="CHAINSAW - Testes do MÃ³dulo VBA monolithicMod.bas.Taxa de comentÃ¡rios adequada (&gt; 5% das linhas)" time="0.1738" asserts="0" success="True" result="Success" executed="True" />
          <test-case description="ContÃ©m seÃ§Ãµes organizadas (CONSTANTES, FUNÃ‡Ã•ES, etc)" name="CHAINSAW - Testes do MÃ³dulo VBA monolithicMod.bas.ContÃ©m seÃ§Ãµes organizadas (CONSTANTES, FUNÃ‡Ã•ES, etc)" time="0.0183" asserts="0" success="True" result="Success" executed="True" />
          <test-case description="Possui sistema de backup (BACKUP_FOLDER_NAME)" name="CHAINSAW - Testes do MÃ³dulo VBA monolithicMod.bas.Possui sistema de backup (BACKUP_FOLDER_NAME)" time="0.0409" asserts="0" success="True" result="Success" executed="True" />
          <test-case description="Possui limite de arquivos de backup (MAX_BACKUP_FILES)" name="CHAINSAW - Testes do MÃ³dulo VBA monolithicMod.bas.Possui limite de arquivos de backup (MAX_BACKUP_FILES)" time="0.0188" asserts="0" success="True" result="Success" executed="True" />
          <test-case description="Implementa sistema de logging" name="CHAINSAW - Testes do MÃ³dulo VBA monolithicMod.bas.Implementa sistema de logging" time="0.0154" asserts="0" success="True" result="Success" executed="True" />
          <test-case description="Possui modo de debug (DEBUG_MODE)" name="CHAINSAW - Testes do MÃ³dulo VBA monolithicMod.bas.Possui modo de debug (DEBUG_MODE)" time="0.0192" asserts="0" success="True" result="Success" executed="True" />
          <test-case description="Possui funÃ§Ã£o GetCleanParagraphText" name="CHAINSAW - Testes do MÃ³dulo VBA monolithicMod.bas.Possui funÃ§Ã£o GetCleanParagraphText" time="0.0392" asserts="0" success="True" result="Success" executed="True" />
          <test-case description="Possui funÃ§Ã£o RemovePunctuation" name="CHAINSAW - Testes do MÃ³dulo VBA monolithicMod.bas.Possui funÃ§Ã£o RemovePunctuation" time="0.0168" asserts="0" success="True" result="Success" executed="True" />
          <test-case description="Possui funÃ§Ã£o para detectar parÃ¡grafos especiais (DetectSpecialParagraph)" name="CHAINSAW - Testes do MÃ³dulo VBA monolithicMod.bas.Possui funÃ§Ã£o para detectar parÃ¡grafos especiais (DetectSpecialParagraph)" time="0.0189" asserts="0" success="True" result="Success" executed="True" />
          <test-case description="Possui funÃ§Ã£o para contar linhas em branco (CountBlankLinesBefore)" name="CHAINSAW - Testes do MÃ³dulo VBA monolithicMod.bas.Possui funÃ§Ã£o para contar linhas em branco (CountBlankLinesBefore)" time="0.0201" asserts="0" success="True" result="Success" executed="True" />
          <test-case description="Possui verificaÃ§Ã£o de saÃºde do documento (IsDocumentHealthy)" name="CHAINSAW - Testes do MÃ³dulo VBA monolithicMod.bas.Possui verificaÃ§Ã£o de saÃºde do documento (IsDocumentHealthy)" time="0.0425" asserts="0" success="True" result="Success" executed="True" />
          <test-case description="Valida versÃ£o mÃ­nima do Word (MIN_SUPPORTED_VERSION = 14, Word 2010+)" name="CHAINSAW - Testes do MÃ³dulo VBA monolithicMod.bas.Valida versÃ£o mÃ­nima do Word (MIN_SUPPORTED_VERSION = 14, Word 2010+)" time="0.0204" asserts="0" success="True" result="Success" executed="True" />
          <test-case description="Possui validaÃ§Ã£o de string obrigatÃ³ria (REQUIRED_STRING)" name="CHAINSAW - Testes do MÃ³dulo VBA monolithicMod.bas.Possui validaÃ§Ã£o de string obrigatÃ³ria (REQUIRED_STRING)" time="0.0171" asserts="0" success="True" result="Success" executed="True" />
          <test-case description="Densidade de cÃ³digo Ã© razoÃ¡vel (&gt; 40% linhas nÃ£o vazias)" name="CHAINSAW - Testes do MÃ³dulo VBA monolithicMod.bas.Densidade de cÃ³digo Ã© razoÃ¡vel (&gt; 40% linhas nÃ£o vazias)" time="0.1422" asserts="0" success="True" result="Success" executed="True" />
          <test-case description="NÃºmero de procedimentos por 1000 linhas Ã© razoÃ¡vel (15-25)" name="CHAINSAW - Testes do MÃ³dulo VBA monolithicMod.bas.NÃºmero de procedimentos por 1000 linhas Ã© razoÃ¡vel (15-25)" time="0.0329" asserts="0" success="True" result="Success" executed="True" />
          <test-case description="Possui proteÃ§Ãµes contra loops infinitos (MAX_LOOP_ITERATIONS)" name="CHAINSAW - Testes do MÃ³dulo VBA monolithicMod.bas.Possui proteÃ§Ãµes contra loops infinitos (MAX_LOOP_ITERATIONS)" time="0.0171" asserts="0" success="True" result="Success" executed="True" />
          <test-case description="Possui timeout para operaÃ§Ãµes longas (MAX_OPERATION_TIMEOUT_SECONDS)" name="CHAINSAW - Testes do MÃ³dulo VBA monolithicMod.bas.Possui timeout para operaÃ§Ãµes longas (MAX_OPERATION_TIMEOUT_SECONDS)" time="0.0195" asserts="0" success="True" result="Success" executed="True" />
          <test-case description="Define espaÃ§amento entre linhas (LINE_SPACING)" name="CHAINSAW - Testes do MÃ³dulo VBA monolithicMod.bas.Define espaÃ§amento entre linhas (LINE_SPACING)" time="0.0374" asserts="0" success="True" result="Success" executed="True" />
          <test-case description="Define configuraÃ§Ãµes de cabeÃ§alho e rodapÃ©" name="CHAINSAW - Testes do MÃ³dulo VBA monolithicMod.bas.Define configuraÃ§Ãµes de cabeÃ§alho e rodapÃ©" time="0.0217" asserts="0" success="True" result="Success" executed="True" />
          <test-case description="Define orientaÃ§Ã£o de pÃ¡gina (wdOrientPortrait)" name="CHAINSAW - Testes do MÃ³dulo VBA monolithicMod.bas.Define orientaÃ§Ã£o de pÃ¡gina (wdOrientPortrait)" time="0.0167" asserts="0" success="True" result="Success" executed="True" />
          <test-case description="Define configuraÃ§Ãµes de sublinhado (wdUnderlineNone, wdUnderlineSingle)" name="CHAINSAW - Testes do MÃ³dulo VBA monolithicMod.bas.Define configuraÃ§Ãµes de sublinhado (wdUnderlineNone, wdUnderlineSingle)" time="0.0191" asserts="0" success="True" result="Success" executed="True" />
          <test-case description="Suporta mÃºltiplas visualizaÃ§Ãµes (wdPrintView)" name="CHAINSAW - Testes do MÃ³dulo VBA monolithicMod.bas.Suporta mÃºltiplas visualizaÃ§Ãµes (wdPrintView)" time="0.0414" asserts="0" success="True" result="Success" executed="True" />
          <test-case description="Gerencia alertas do Word (wdAlertsAll, wdAlertsNone)" name="CHAINSAW - Testes do MÃ³dulo VBA monolithicMod.bas.Gerencia alertas do Word (wdAlertsAll, wdAlertsNone)" time="0.0211" asserts="0" success="True" result="Success" executed="True" />
          <test-case description="Trabalha com campos do Word (wdFieldPage, wdFieldNumPages)" name="CHAINSAW - Testes do MÃ³dulo VBA monolithicMod.bas.Trabalha com campos do Word (wdFieldPage, wdFieldNumPages)" time="0.0189" asserts="0" success="True" result="Success" executed="True" />
          <test-case description="Gerencia shapes e imagens (msoPicture, msoTextEffect)" name="CHAINSAW - Testes do MÃ³dulo VBA monolithicMod.bas.Gerencia shapes e imagens (msoPicture, msoTextEffect)" time="0.0186" asserts="0" success="True" result="Success" executed="True" />
          <test-case description="Fecha arquivos abertos (CloseAllOpenFiles)" name="CHAINSAW - Testes do MÃ³dulo VBA monolithicMod.bas.Fecha arquivos abertos (CloseAllOpenFiles)" time="0.0372" asserts="0" success="True" result="Success" executed="True" />
          <test-case description="NÃ£o contÃ©m senhas ou credenciais hardcoded" name="CHAINSAW - Testes do MÃ³dulo VBA monolithicMod.bas.NÃ£o contÃ©m senhas ou credenciais hardcoded" time="0.0276" asserts="0" success="True" result="Success" executed="True" />
          <test-case description="NÃ£o contÃ©m caminhos absolutos hardcoded (usa caminhos relativos)" name="CHAINSAW - Testes do MÃ³dulo VBA monolithicMod.bas.NÃ£o contÃ©m caminhos absolutos hardcoded (usa caminhos relativos)" time="0.0245" asserts="0" success="True" result="Success" executed="True" />
          <test-case description="Usa controle de versÃ£o documentado" name="CHAINSAW - Testes do MÃ³dulo VBA monolithicMod.bas.Usa controle de versÃ£o documentado" time="0.0173" asserts="0" success="True" result="Success" executed="True" />
          <test-case description="Usa variÃ¡veis tipadas (As Long, As String, As Range, etc)" name="CHAINSAW - Testes do MÃ³dulo VBA monolithicMod.bas.Usa variÃ¡veis tipadas (As Long, As String, As Range, etc)" time="0.0386" asserts="0" success="True" result="Success" executed="True" />
          <test-case description="Define constantes Private (performance em VBA)" name="CHAINSAW - Testes do MÃ³dulo VBA monolithicMod.bas.Define constantes Private (performance em VBA)" time="0.0174" asserts="0" success="True" result="Success" executed="True" />
          <test-case description="Limita escaneamento inicial de parÃ¡grafos (MAX_INITIAL_PARAGRAPHS_TO_SCAN)" name="CHAINSAW - Testes do MÃ³dulo VBA monolithicMod.bas.Limita escaneamento inicial de parÃ¡grafos (MAX_INITIAL_PARAGRAPHS_TO_SCAN)" time="0.0178" asserts="0" success="True" result="Success" executed="True" />
          <test-case description="CompatÃ­vel com Word 2010+ (versÃ£o 14+)" name="CHAINSAW - Testes do MÃ³dulo VBA monolithicMod.bas.CompatÃ­vel com Word 2010+ (versÃ£o 14+)" time="0.0442" asserts="0" success="True" result="Success" executed="True" />
          <test-case description="Referencia Microsoft Word corretamente" name="CHAINSAW - Testes do MÃ³dulo VBA monolithicMod.bas.Referencia Microsoft Word corretamente" time="0.0255" asserts="0" success="True" result="Success" executed="True" />
          <test-case description="Trabalha com objetos Document corretamente" name="CHAINSAW - Testes do MÃ³dulo VBA monolithicMod.bas.Trabalha com objetos Document corretamente" time="0.0201" asserts="0" success="True" result="Success" executed="True" />
          <test-case description="Trabalha com objetos Range corretamente" name="CHAINSAW - Testes do MÃ³dulo VBA monolithicMod.bas.Trabalha com objetos Range corretamente" time="0.0215" asserts="0" success="True" result="Success" executed="True" />
          <test-case description="Trabalha com objetos Paragraph corretamente" name="CHAINSAW - Testes do MÃ³dulo VBA monolithicMod.bas.Trabalha com objetos Paragraph corretamente" time="0.0197" asserts="0" success="True" result="Success" executed="True" />
          <test-case description="Processa &quot;considerando&quot; corretamente (CONSIDERANDO_PREFIX)" name="CHAINSAW - Testes do MÃ³dulo VBA monolithicMod.bas.Processa &quot;considerando&quot; corretamente (CONSIDERANDO_PREFIX)" time="0.0485" asserts="0" success="True" result="Success" executed="True" />
          <test-case description="Define comprimento mÃ­nimo para considerando (CONSIDERANDO_MIN_LENGTH)" name="CHAINSAW - Testes do MÃ³dulo VBA monolithicMod.bas.Define comprimento mÃ­nimo para considerando (CONSIDERANDO_MIN_LENGTH)" time="0.024" asserts="0" success="True" result="Success" executed="True" />
          <test-case description="Referencia pasta de assets (stamp.png)" name="CHAINSAW - Testes do MÃ³dulo VBA monolithicMod.bas.Referencia pasta de assets (stamp.png)" time="0.0236" asserts="0" success="True" result="Success" executed="True" />
          <test-case description="Usa estrutura .chainsaw para organizaÃ§Ã£o" name="CHAINSAW - Testes do MÃ³dulo VBA monolithicMod.bas.Usa estrutura .chainsaw para organizaÃ§Ã£o" time="0.0231" asserts="0" success="True" result="Success" executed="True" />
          <test-case description="Arquivo nÃ£o termina em meio a procedimento (tem End Sub/Function no final)" name="CHAINSAW - Testes do MÃ³dulo VBA monolithicMod.bas.Arquivo nÃ£o termina em meio a procedimento (tem End Sub/Function no final)" time="0.0722" asserts="0" success="True" result="Success" executed="True" />
          <test-case description="Possui diversidade de cÃ³digo razoÃ¡vel (&gt; 50% linhas Ãºnicas)" name="CHAINSAW - Testes do MÃ³dulo VBA monolithicMod.bas.Possui diversidade de cÃ³digo razoÃ¡vel (&gt; 50% linhas Ãºnicas)" time="2.1887" asserts="0" success="True" result="Success" executed="True" />
          <test-case description="Usa nomenclatura consistente (CamelCase para funÃ§Ãµes)" name="CHAINSAW - Testes do MÃ³dulo VBA monolithicMod.bas.Usa nomenclatura consistente (CamelCase para funÃ§Ãµes)" time="0.0355" asserts="0" success="True" result="Success" executed="True" />
          <test-case description="NÃ£o contÃ©m cÃ³digo comentado excessivo (&lt; 5% comentÃ¡rios de cÃ³digo)" name="CHAINSAW - Testes do MÃ³dulo VBA monolithicMod.bas.NÃ£o contÃ©m cÃ³digo comentado excessivo (&lt; 5% comentÃ¡rios de cÃ³digo)" time="0.2045" asserts="0" success="True" result="Success" executed="True" />
          <test-case description="Todas as declaracoes de variavel sao validas (Dim, Private, Public)" name="CHAINSAW - Testes do MÃ³dulo VBA monolithicMod.bas.Todas as declaracoes de variavel sao validas (Dim, Private, Public)" time="0.0539" asserts="0" success="True" result="Success" executed="True" />
          <test-case description="Todas as atribuicoes Set usam palavra-chave Set corretamente" name="CHAINSAW - Testes do MÃ³dulo VBA monolithicMod.bas.Todas as atribuicoes Set usam palavra-chave Set corretamente" time="0.0414" asserts="0" success="True" result="Success" executed="True" />
          <test-case description="Nao ha declaracoes duplicadas de procedimentos" name="CHAINSAW - Testes do MÃ³dulo VBA monolithicMod.bas.Nao ha declaracoes duplicadas de procedimentos" time="0.0386" asserts="0" success="True" result="Success" executed="True" />
          <test-case description="Todos os If tem End If correspondente" name="CHAINSAW - Testes do MÃ³dulo VBA monolithicMod.bas.Todos os If tem End If correspondente" time="0.0612" asserts="0" success="True" result="Success" executed="True" />
          <test-case description="Todos os For tem Next correspondente" name="CHAINSAW - Testes do MÃ³dulo VBA monolithicMod.bas.Todos os For tem Next correspondente" time="0.0534" asserts="0" success="True" result="Success" executed="True" />
          <test-case description="Todos os Do tem Loop correspondente" name="CHAINSAW - Testes do MÃ³dulo VBA monolithicMod.bas.Todos os Do tem Loop correspondente" time="0.0564" asserts="0" success="True" result="Success" executed="True" />
          <test-case description="Todos os With tem End With correspondente" name="CHAINSAW - Testes do MÃ³dulo VBA monolithicMod.bas.Todos os With tem End With correspondente" time="0.057" asserts="0" success="True" result="Success" executed="True" />
          <test-case description="Todos os Select Case tem End Select correspondente" name="CHAINSAW - Testes do MÃ³dulo VBA monolithicMod.bas.Todos os Select Case tem End Select correspondente" time="0.0588" asserts="0" success="True" result="Success" executed="True" />
          <test-case description="Nao ha uso de GoTo sem label correspondente" name="CHAINSAW - Testes do MÃ³dulo VBA monolithicMod.bas.Nao ha uso de GoTo sem label correspondente" time="0.3583" asserts="0" success="True" result="Success" executed="True" />
          <test-case description="Todas as funcoes tem tipo de retorno declarado" name="CHAINSAW - Testes do MÃ³dulo VBA monolithicMod.bas.Todas as funcoes tem tipo de retorno declarado" time="0.0326" asserts="0" success="True" result="Success" executed="True" />
          <test-case description="Nao ha chamadas a procedimentos inexistentes (verificacao basica)" name="CHAINSAW - Testes do MÃ³dulo VBA monolithicMod.bas.Nao ha chamadas a procedimentos inexistentes (verificacao basica)" time="0.0296" asserts="0" success="True" result="Success" executed="True" />
          <test-case description="Todas as constantes tem valor atribuido" name="CHAINSAW - Testes do MÃ³dulo VBA monolithicMod.bas.Todas as constantes tem valor atribuido" time="0.0318" asserts="0" success="True" result="Success" executed="True" />
          <test-case description="Nao ha variaveis declaradas mas nunca usadas (verificacao de principais)" name="CHAINSAW - Testes do MÃ³dulo VBA monolithicMod.bas.Nao ha variaveis declaradas mas nunca usadas (verificacao de principais)" time="0.0249" asserts="0" success="True" result="Success" executed="True" />
          <test-case description="Parenteses balanceados em cada linha" name="CHAINSAW - Testes do MÃ³dulo VBA monolithicMod.bas.Parenteses balanceados em cada linha" time="0.0467" asserts="0" success="True" result="Success" executed="True" />
          <test-case description="Aspas duplas balanceadas em declaracoes de string" name="CHAINSAW - Testes do MÃ³dulo VBA monolithicMod.bas.Aspas duplas balanceadas em declaracoes de string" time="0.724" asserts="0" success="True" result="Success" executed="True" />
          <test-case description="Nao ha uso de Exit Sub/Function fora de procedimento" name="CHAINSAW - Testes do MÃ³dulo VBA monolithicMod.bas.Nao ha uso de Exit Sub/Function fora de procedimento" time="0.0748" asserts="0" success="True" result="Success" executed="True" />
          <test-case description="Todas as variaveis objeto sao liberadas com Set = Nothing" name="CHAINSAW - Testes do MÃ³dulo VBA monolithicMod.bas.Todas as variaveis objeto sao liberadas com Set = Nothing" time="0.0219" asserts="0" success="True" result="Success" executed="True" />
          <test-case description="Nao ha recursao infinita detectavel (funcao chama a si mesma sem condicao)" name="CHAINSAW - Testes do MÃ³dulo VBA monolithicMod.bas.Nao ha recursao infinita detectavel (funcao chama a si mesma sem condicao)" time="0.0374" asserts="0" success="True" result="Success" executed="True" />
          <test-case description="Nao ha atribuicoes a constantes" name="CHAINSAW - Testes do MÃ³dulo VBA monolithicMod.bas.Nao ha atribuicoes a constantes" time="1.291" asserts="0" success="True" result="Success" executed="True" />
          <test-case description="Arrays sao declarados corretamente com parenteses" name="CHAINSAW - Testes do MÃ³dulo VBA monolithicMod.bas.Arrays sao declarados corretamente com parenteses" time="0.0258" asserts="0" success="True" result="Success" executed="True" />
          <test-case description="On Error Resume Next tem On Error GoTo 0 correspondente (restauracao de erro)" name="CHAINSAW - Testes do MÃ³dulo VBA monolithicMod.bas.On Error Resume Next tem On Error GoTo 0 correspondente (restauracao de erro)" time="0.0225" asserts="0" success="True" result="Success" executed="True" />
        </results>
      </test-suite>
    </results>
  </test-suite>
</test-results>